<?xml version="1.0" encoding="UTF-8"?>
<!-- Generated by org.testng.reporters.JUnitReportReporter -->
<testsuite hostname="CDC2-D-6R4DH92" name="Test.demoAut" tests="1" failures="0" timestamp="1 Aug 2019 05:30:26 GMT" time="26.259" errors="0">
  <testcase name="flogin" time="26.259" classname="Test.demoAut"/>
</testsuite> <!-- Test.demoAut -->
