<?xml version="1.0" encoding="UTF-8"?>
<!-- Generated by org.testng.reporters.JUnitReportReporter -->
<testsuite hostname="CDC2-D-6R4DH92" name="demos.TestAjax" tests="1" failures="0" timestamp="31 Jul 2019 06:31:59 GMT" time="1.585" errors="0">
  <testcase name="f" time="1.585" classname="demos.TestAjax"/>
</testsuite> <!-- demos.TestAjax -->
