<?xml version="1.0" encoding="UTF-8"?>
<!-- Generated by org.testng.reporters.JUnitReportReporter -->
<testsuite hostname="CDC2-D-6R4DH92" name="demos.testthree" tests="1" failures="0" timestamp="30 Jul 2019 08:04:19 GMT" time="23.184" errors="0">
  <testcase name="fun" time="23.184" classname="demos.testthree"/>
</testsuite> <!-- demos.testthree -->
