<?xml version="1.0" encoding="UTF-8"?>
<!-- Generated by org.testng.reporters.JUnitReportReporter -->
<testsuite hostname="CDC2-D-6R4DH92" name="demos.excelread" tests="1" failures="0" timestamp="1 Aug 2019 04:34:55 GMT" time="0.672" errors="0">
  <testcase name="ftestclass" time="0.672" classname="demos.excelread"/>
</testsuite> <!-- demos.excelread -->
